<?xml version="1.0" encoding="UTF-8"?>
<!-- Generated by org.testng.reporters.JUnitReportReporter -->
<testsuite hostname="Farzanas-MBP.fios-router.home" name="etsy.runner.RunnerClass" tests="3" failures="0" timestamp="1 Mar 2020 18:03:37 GMT" time="41.311" errors="0">
  <testcase name="feature" time="10.514" classname="etsy.runner.RunnerClass"/>
  <testcase name="feature" time="17.586" classname="etsy.runner.RunnerClass"/>
  <testcase name="feature" time="13.211" classname="etsy.runner.RunnerClass"/>
</testsuite> <!-- etsy.runner.RunnerClass -->
