<?xml version="1.0" encoding="UTF-8"?>
<!-- Generated by org.testng.reporters.JUnitReportReporter -->
<testsuite hostname="Farzanas-MBP.fios-router.home" name="etsy.runner.RunnerClass" tests="3" failures="0" timestamp="2 Mar 2020 17:40:04 GMT" time="42.485" errors="0">
  <testcase name="feature" time="13.387" classname="etsy.runner.RunnerClass"/>
  <testcase name="feature" time="16.976" classname="etsy.runner.RunnerClass"/>
  <testcase name="feature" time="12.122" classname="etsy.runner.RunnerClass"/>
</testsuite> <!-- etsy.runner.RunnerClass -->
